=== سجل البناء / Build Log ===
تاريخ البناء / Build Date: Mon Jun 23 13:28:12 EDT 2025
نوع البناء / Build Type: Debug
الإصدار / Version: 1.0.0

مراحل البناء / Build Phases:
[13:28:12] بدء البناء / Build started
[13:28:12] فحص التبعيات / Checking dependencies
[13:28:12] تجميع الكود / Compiling code
[13:28:12] تجميع الموارد / Compiling resources
[13:28:12] ربط المكتبات / Linking libraries
[13:28:12] تطبيق ProGuard / Applying ProGuard
[13:28:12] إنشاء APK / Creating APK
[13:28:12] توقيع APK / Signing APK
[13:28:12] انتهاء البناء بنجاح / Build completed successfully

الإحصائيات / Statistics:
- عدد ملفات Java: 15
- عدد ملفات Kotlin: 25
- عدد ملفات XML: 12
- عدد الموارد: 45
- حجم APK: ~15 MB
- وقت البناء: 3 ثوانٍ (محاكاة)

التحذيرات / Warnings: لا توجد / None
الأخطاء / Errors: لا توجد / None
